2024-10-09 02:34:16,461 - INFO - Retrived the last cahced Modied date: 2024-09-26 09:30:13+01:00 and ;ast cached File Name: https://assets.publishing.service.gov.uk/media/66f420ff080bdf716392e8c2/ET_3.1_SEP_24.xlsx
2024-10-09 02:34:16,671 - INFO - 2024-09-26 09:30:13+01:00
2024-10-09 02:34:16,671 - INFO - There is no new modifications
2024-10-09 02:35:39,514 - INFO - Retrived the last cahced Modied date: 2024-09-26 09:30:13+01:00 and ;ast cached File Name: https://assets.publishing.service.gov.uk/media/66f420ff080bdf716392e8c2/ET_3.1_SEP_24.xlsx
2024-10-09 02:35:39,821 - INFO - The Latest URL Modiefied date retrived is 2024-09-26 09:30:13+01:00
2024-10-09 02:35:39,821 - INFO - There is no new modifications
2024-10-09 02:36:43,632 - INFO - Retrived the last cahced Modied date: 2024-09-26 09:30:13+01:00 and ;ast cached File Name: https://assets.publishing.service.gov.uk/media/66f420ff080bdf716392e8c2/ET_3.1_SEP_24.xlsx
2024-10-09 02:36:43,763 - INFO - The Latest URL Modiefied date retrived is 2024-09-26 09:30:13+01:00
2024-10-09 02:36:43,763 - INFO - There is no new modifications in the Supply and use of crude oil, natural gas liquids, and feedstocks file. 
2024-10-09 02:37:11,842 - INFO - Retrived the last cahced Modied date: 2024-09-26 09:30:13+01:00 and ;ast cached File Name: https://assets.publishing.service.gov.uk/media/66f420ff080bdf716392e8c2/ET_3.1_SEP_24.xlsx
2024-10-09 02:37:11,962 - INFO - The Latest URL Modiefied date retrived is 2024-09-26 09:30:13+01:00
2024-10-09 02:37:11,962 - INFO - There is no new file forthe Supply and use of crude oil, natural gas liquids, and feedstocks. 
2024-10-09 02:45:55,553 - INFO - Retrived the last cahced Modied date: 2024-09-26 09:30:13+01:00 and ;ast cached File Name: https://assets.publishing.service.gov.uk/media/66f420ff080bdf716392e8c2/ET_3.1_SEP_24.xlsx
2024-10-09 02:45:55,944 - INFO - The Latest URL Modiefied date retrived is 2024-09-26 09:30:13+01:00
2024-10-09 02:45:55,944 - INFO - There is no new file forthe Supply and use of crude oil, natural gas liquids, and feedstocks. 
2024-10-09 02:49:37,239 - INFO - Retrived the last cahced Modied date: 2024-09-26 09:30:13+01:00 and ;ast cached File Name: https://assets.publishing.service.gov.uk/media/66f420ff080bdf716392e8c2/ET_3.1_SEP_24.xlsx
2024-10-09 02:49:37,467 - INFO - The Latest URL Modiefied date retrived is 2024-09-26 09:30:13+01:00
2024-10-09 02:49:37,467 - INFO - There is no new file forthe Supply and use of crude oil, natural gas liquids, and feedstocks. 
2024-10-09 02:50:03,964 - INFO - Retrived the last cahced Modied date: 2024-09-26 09:30:13+01:00 and ;ast cached File Name: https://assets.publishing.service.gov.uk/media/66f420ff080bdf716392e8c2/ET_3.1_SEP_24.xlsx
2024-10-09 02:50:04,114 - INFO - The Latest URL Modiefied date retrived is 2024-09-26 09:30:13+01:00
2024-10-09 02:50:04,114 - INFO - There is no new file forthe Supply and use of crude oil, natural gas liquids, and feedstocks. 
2024-10-09 02:53:57,282 - INFO - Retrived the last cahced Modied date: 2024-09-26 09:30:13+01:00 and ;ast cached File Name: https://assets.publishing.service.gov.uk/media/66f420ff080bdf716392e8c2/ET_3.1_SEP_24.xlsx
2024-10-09 02:53:57,409 - INFO - The Latest URL Modiefied date retrived is 2024-09-26 09:30:13+01:00
2024-10-09 02:53:57,410 - INFO - There is no new file forthe Supply and use of crude oil, natural gas liquids, and feedstocks. 
2024-10-09 02:54:18,656 - INFO - Retrived the last cahced Modied date: 2024-09-26 09:30:13+01:00 and ;ast cached File Name: https://assets.publishing.service.gov.uk/media/66f420ff080bdf716392e8c2/ET_3.1_SEP_24.xlsx
2024-10-09 02:54:18,781 - INFO - The Latest URL Modiefied date retrived is 2024-09-26 09:30:13+01:00
2024-10-09 02:54:18,781 - INFO - There is no new file forthe Supply and use of crude oil, natural gas liquids, and feedstocks. 
2024-10-09 02:54:40,366 - INFO - Retrived the last cahced Modied date: 2024-09-26 09:30:13+01:00 and ;ast cached File Name: https://assets.publishing.service.gov.uk/media/66f420ff080bdf716392e8c2/ET_3.1_SEP_24.xlsx
2024-10-09 02:54:40,770 - INFO - The Latest URL Modiefied date retrived is 2024-09-26 09:30:13+01:00
2024-10-09 02:54:40,770 - INFO - There is no new file forthe Supply and use of crude oil, natural gas liquids, and feedstocks. 
2024-10-09 02:54:57,676 - INFO - Retrived the last cahced Modied date: 2024-09-26 09:30:13+01:00 and ;ast cached File Name: https://assets.publishing.service.gov.uk/media/66f420ff080bdf716392e8c2/ET_3.1_SEP_24.xlsx
2024-10-09 02:54:57,767 - INFO - The Latest URL Modiefied date retrived is 2024-09-26 09:30:13+01:00
2024-10-09 02:54:57,767 - INFO - There is no new file forthe Supply and use of crude oil, natural gas liquids, and feedstocks. 
2024-10-09 02:55:06,723 - INFO - Retrived the last cahced Modied date: 2024-09-26 09:30:13+01:00 and ;ast cached File Name: https://assets.publishing.service.gov.uk/media/66f420ff080bdf716392e8c2/ET_3.1_SEP_24.xlsx
2024-10-09 02:55:06,837 - INFO - The Latest URL Modiefied date retrived is 2024-09-26 09:30:13+01:00
2024-10-09 02:55:06,837 - INFO - There is no new file forthe Supply and use of crude oil, natural gas liquids, and feedstocks. 
2024-10-09 14:54:13,797 - INFO - Retrived the last cahced Modied date: 2024-09-26 09:30:13+01:00 and ;ast cached File Name: https://assets.publishing.service.gov.uk/media/66f420ff080bdf716392e8c2/ET_3.1_SEP_24.xlsx
2024-10-09 14:54:14,005 - INFO - The Latest URL Modiefied date retrived is 2024-09-26 09:30:13+01:00
2024-10-09 14:54:14,005 - INFO - There is no new file forthe Supply and use of crude oil, natural gas liquids, and feedstocks. 
2024-10-09 14:55:06,280 - INFO - Retrived the last cahced Modied date: 2024-09-26 09:30:13+01:00 and ;ast cached File Name: https://assets.publishing.service.gov.uk/media/66f420ff080bdf716392e8c2/ET_3.1_SEP_24.xlsx
2024-10-09 14:55:06,373 - INFO - The Latest URL Modiefied date retrived is 2024-09-26 09:30:13+01:00
2024-10-09 14:55:06,373 - INFO - There is no new file forthe Supply and use of crude oil, natural gas liquids, and feedstocks. 
2024-10-09 15:03:02,675 - INFO - Retrived the last cahced Modied date: 2024-09-26 09:30:13+01:00 and ;ast cached File Name: https://assets.publishing.service.gov.uk/media/66f420ff080bdf716392e8c2/ET_3.1_SEP_24.xlsx
2024-10-09 15:03:02,898 - INFO - The Latest URL Modiefied date retrived is 2024-09-26 09:30:13+01:00
2024-10-09 15:03:02,898 - INFO - There is no new file forthe Supply and use of crude oil, natural gas liquids, and feedstocks. 
2024-10-09 15:05:26,455 - INFO - Retrived the last cahced Modied date: 2024-09-26 09:30:13+01:00 and ;ast cached File Name: https://assets.publishing.service.gov.uk/media/66f420ff080bdf716392e8c2/ET_3.1_SEP_24.xlsx
2024-10-09 15:05:26,710 - INFO - The Latest URL Modiefied date retrived is 2024-09-26 09:30:13+01:00
2024-10-09 15:05:26,710 - INFO - There is no new file forthe Supply and use of crude oil, natural gas liquids, and feedstocks. 
2024-10-09 15:08:02,223 - INFO - Retrived the last cahced Modied date: 2024-09-26 09:30:13+01:00 and ;ast cached File Name: https://assets.publishing.service.gov.uk/media/66f420ff080bdf716392e8c2/ET_3.1_SEP_24.xlsx
2024-10-09 15:08:02,327 - INFO - The Latest URL Modiefied date retrived is 2024-09-26 09:30:13+01:00
2024-10-09 15:08:02,327 - INFO - There is no new file forthe Supply and use of crude oil, natural gas liquids, and feedstocks. 
2024-10-09 15:09:56,047 - INFO - Retrived the last cahced Modied date: 2024-09-26 09:30:13+01:00 and ;ast cached File Name: https://assets.publishing.service.gov.uk/media/66f420ff080bdf716392e8c2/ET_3.1_SEP_24.xlsx
2024-10-09 15:09:56,142 - INFO - The Latest URL Modiefied date retrived is 2024-09-26 09:30:13+01:00
2024-10-09 15:09:56,142 - INFO - There is no new file forthe Supply and use of crude oil, natural gas liquids, and feedstocks. 
2024-10-09 15:10:05,706 - INFO - Retrived the last cahced Modied date: 2024-09-26 09:30:13+01:00 and ;ast cached File Name: https://assets.publishing.service.gov.uk/media/66f420ff080bdf716392e8c2/ET_3.1_SEP_24.xlsx
2024-10-09 15:10:05,808 - INFO - The Latest URL Modiefied date retrived is 2024-09-26 09:30:13+01:00
2024-10-09 15:10:05,808 - INFO - There is no new file forthe Supply and use of crude oil, natural gas liquids, and feedstocks. 
2024-10-09 15:10:55,889 - INFO - Retrived the last cahced Modied date: 2024-09-26 09:30:13+01:00 and ;ast cached File Name: https://assets.publishing.service.gov.uk/media/66f420ff080bdf716392e8c2/ET_3.1_SEP_24.xlsx
2024-10-09 15:10:56,085 - INFO - The Latest URL Modiefied date retrived is 2024-09-26 09:30:13+01:00
2024-10-09 15:10:56,085 - INFO - There is no new file forthe Supply and use of crude oil, natural gas liquids, and feedstocks. 
2024-10-09 15:56:22,178 - INFO - Retrived the last cahced Modied date: 2024-09-26 09:30:13+01:00 and ;ast cached File Name: https://assets.publishing.service.gov.uk/media/66f420ff080bdf716392e8c2/ET_3.1_SEP_24.xlsx
2024-10-09 15:56:22,392 - INFO - The Latest URL Modiefied date retrived is 2024-09-26 09:30:13+01:00
2024-10-09 15:56:22,392 - INFO - There is no new file forthe Supply and use of crude oil, natural gas liquids, and feedstocks. 
2024-10-09 15:56:53,940 - INFO - Retrived the last cahced Modied date: 2024-09-26 09:30:13+01:00 and ;ast cached File Name: https://assets.publishing.service.gov.uk/media/66f420ff080bdf716392e8c2/ET_3.1_SEP_24.xlsx
2024-10-09 15:56:54,029 - INFO - The Latest URL Modiefied date retrived is 2024-09-26 09:30:13+01:00
2024-10-09 15:56:54,029 - INFO - There is no new file forthe Supply and use of crude oil, natural gas liquids, and feedstocks. 
2024-10-09 15:57:27,003 - INFO - Retrived the last cahced Modied date: 2024-09-26 09:30:13+01:00 and ;ast cached File Name: https://assets.publishing.service.gov.uk/media/66f420ff080bdf716392e8c2/ET_3.1_SEP_24.xlsx
2024-10-09 15:57:27,096 - INFO - The Latest URL Modiefied date retrived is 2024-09-26 09:30:13+01:00
2024-10-09 15:57:27,096 - INFO - There is no new file forthe Supply and use of crude oil, natural gas liquids, and feedstocks. 
2024-10-09 15:57:47,777 - INFO - Retrived the last cahced Modied date: 2024-09-26 09:30:13+01:00 and ;ast cached File Name: https://assets.publishing.service.gov.uk/media/66f420ff080bdf716392e8c2/ET_3.1_SEP_24.xlsx
2024-10-09 15:57:47,999 - INFO - The Latest URL Modiefied date retrived is 2024-09-26 09:30:13+01:00
2024-10-09 15:57:47,999 - INFO - There is no new file forthe Supply and use of crude oil, natural gas liquids, and feedstocks. 
2024-10-09 15:58:17,260 - INFO - Retrived the last cahced Modied date: 2024-09-26 09:30:13+01:00 and ;ast cached File Name: https://assets.publishing.service.gov.uk/media/66f420ff080bdf716392e8c2/ET_3.1_SEP_24.xlsx
2024-10-09 15:58:17,343 - INFO - The Latest URL Modiefied date retrived is 2024-09-26 09:30:13+01:00
2024-10-09 15:58:17,343 - INFO - There is no new file forthe Supply and use of crude oil, natural gas liquids, and feedstocks. 
2024-10-09 15:58:37,736 - ERROR - Cache not found or malformed: Expecting value: line 4 column 3 (char 182). Using default values
2024-10-09 15:58:37,861 - INFO - The Latest URL Modiefied date retrived is 2024-09-26 09:30:13+01:00
2024-10-09 15:58:37,862 - ERROR - Encountered an error: [Errno 2] No such file or directory: 'https://assets.publishing.service.gov.uk/media/66f420ff080bdf716392e8c2/ET_3.1_SEP_24.xlsx'
2024-10-09 16:01:42,472 - ERROR - Cache not found or malformed: Expecting value: line 4 column 3 (char 182). Using default values
2024-10-09 16:02:09,311 - ERROR - Cache not found or malformed: Expecting value: line 4 column 3 (char 182). Using default values
2024-10-09 16:04:28,854 - ERROR - Cache not found or malformed: Expecting value: line 4 column 3 (char 182). Using default values
2024-10-09 16:24:25,783 - ERROR - Cache not found or malformed: Expecting value: line 4 column 3 (char 182). Using default values
2024-10-09 16:25:30,832 - ERROR - Cache not found or malformed: Expecting value: line 4 column 3 (char 182). Using default values
2024-10-09 16:27:10,165 - INFO - Retrived the last cahced Modied date: 2023-01-26 09:30:13+01:00 and ;ast cached File Name: 
2024-10-09 16:28:46,504 - INFO - Retrived the last cahced Modied date: 2023-01-26 09:30:13+01:00 and ;ast cached File Name: 
2024-10-09 16:31:04,922 - INFO - Retrived the last cahced Modied date: 2023-01-26 09:30:13+01:00 and ;ast cached File Name: 
2024-10-09 16:32:22,996 - INFO - Retrived the last cahced Modied date: 2023-01-26 09:30:13+01:00 and ;ast cached File Name: 
2024-10-09 16:32:31,688 - INFO - Retrived the last cahced Modied date: 2023-01-26 09:30:13+01:00 and ;ast cached File Name: 
2024-10-09 16:33:15,247 - INFO - Retrived the last cahced Modied date: 2023-01-26 09:30:13+01:00 and ;ast cached File Name: 
2024-10-09 16:34:29,720 - INFO - Retrived the last cahced Modied date: 2023-01-26 09:30:13+01:00 and last cached File Name: 
2024-10-09 16:40:54,031 - INFO - Retrived the last cahced Modied date: 2023-01-26 09:30:13+01:00 and last cached File Name: 
2024-10-09 16:40:54,260 - INFO - The Latest URL Modiefied date retrived is 2024-09-26 09:30:13+01:00
2024-10-09 16:40:54,260 - ERROR - Encountered an error: sequence item 1: expected str instance, datetime.datetime found
2024-10-09 16:41:51,181 - INFO - Retrived the last cahced Modied date: 2023-01-26 09:30:13+01:00 and last cached File Name: 
2024-10-09 16:41:51,298 - INFO - The Latest URL Modiefied date retrived is 2024-09-26 09:30:13+01:00
2024-10-09 16:41:51,299 - ERROR - Encountered an error: sequence item 1: expected str instance, datetime.datetime found
2024-10-09 16:45:58,651 - INFO - Retrived the last cahced Modied date: 2023-01-26 09:30:13+01:00 and last cached File Name: 
2024-10-09 16:45:58,964 - INFO - The Latest URL Modiefied date retrived is 2024-09-26 09:30:13+01:00
2024-10-09 16:45:58,964 - ERROR - Encountered an error: 'datetime.datetime' object cannot be interpreted as an integer
2024-10-09 16:46:29,942 - INFO - Retrived the last cahced Modied date: 2023-01-26 09:30:13+01:00 and last cached File Name: 
2024-10-09 16:46:30,026 - INFO - The Latest URL Modiefied date retrived is 2024-09-26 09:30:13+01:00
2024-10-09 16:46:30,026 - ERROR - Encountered an error: 'datetime.datetime' object cannot be interpreted as an integer
2024-10-09 16:48:09,416 - INFO - Retrived the last cahced Modied date: 2023-01-26 09:30:13+01:00 and last cached File Name: 
2024-10-09 16:48:09,645 - INFO - The Latest URL Modiefied date retrived is 2024-09-26 09:30:13+01:00
2024-10-09 16:48:09,645 - ERROR - Encountered an error: 'datetime.datetime' object cannot be interpreted as an integer
2024-10-09 16:49:19,260 - INFO - Retrived the last cahced Modied date: 2023-01-26 09:30:13+01:00 and last cached File Name: 
2024-10-09 16:49:19,392 - INFO - The Latest URL Modiefied date retrived is 2024-09-26 09:30:13+01:00
2024-10-09 16:49:19,511 - INFO - Caching New file found: https://assets.publishing.service.gov.uk/media/66f420ff080bdf716392e8c2/ET_3.1_SEP_24.xlsx, caching last modified: 2024-09-26 09:30:13+01:00
2024-10-09 16:51:13,067 - INFO - Retrived the last cahced Modied date: 2021-09-26 09:30:13+01:00 and last cached File Name: https://assets.publishing.service.gov.uk/media/66f420ff080bdf716392e8c2/ET_3.1_SEP_23.xlsx
2024-10-09 16:51:13,290 - INFO - The Latest URL Modiefied date retrived is 2024-09-26 09:30:13+01:00
2024-10-09 16:51:13,422 - INFO - Caching New file found: https://assets.publishing.service.gov.uk/media/66f420ff080bdf716392e8c2/ET_3.1_SEP_24.xlsx, caching last modified: 2024-09-26 09:30:13+01:00
2024-10-09 16:51:46,090 - INFO - Retrived the last cahced Modied date: 2024-09-26 09:30:13+01:00 and last cached File Name: https://assets.publishing.service.gov.uk/media/66f420ff080bdf716392e8c2/ET_3.1_SEP_24.xlsx
2024-10-09 16:51:46,172 - INFO - The Latest URL Modiefied date retrived is 2024-09-26 09:30:13+01:00
2024-10-09 16:51:46,172 - INFO - There is no new file for the Supply and use of crude oil, natural gas liquids, and feedstocks. 
2024-10-09 16:52:01,884 - INFO - Retrived the last cahced Modied date: 2021-09-26 09:30:13+01:00 and last cached File Name: https://assets.publishing.service.gov.uk/media/66f420ff080bdf716392e8c2/ET_3.1_SEP_21.xlsx
2024-10-09 16:52:01,969 - INFO - The Latest URL Modiefied date retrived is 2024-09-26 09:30:13+01:00
2024-10-09 16:52:02,060 - INFO - Caching New file found: https://assets.publishing.service.gov.uk/media/66f420ff080bdf716392e8c2/ET_3.1_SEP_24.xlsx, caching last modified: 2024-09-26 09:30:13+01:00
2024-10-09 16:53:42,740 - INFO - Retrived the last cahced Modied date: 2021-09-26 09:30:13+01:00 and last cached File Name: https://assets.publishing.service.gov.uk/media/66f420ff080bdf716392e8c2/ET_3.1_SEP_21.xlsx
2024-10-09 16:53:42,974 - INFO - The Latest URL Modiefied date retrived is 2024-09-26 09:30:13+01:00
2024-10-09 16:53:43,066 - INFO - Caching New file found: https://assets.publishing.service.gov.uk/media/66f420ff080bdf716392e8c2/ET_3.1_SEP_24.xlsx, caching last modified: 2024-09-26 09:30:13+01:00
2024-10-09 16:58:20,159 - INFO - Retrived the last cahced Modied date: 2021-09-26 09:30:13+01:00 and last cached File Name: https://assets.publishing.service.gov.uk/media/66f420ff080bdf716392e8c2/ET_3.1_SEP_21.xlsx
2024-10-09 16:58:20,249 - INFO - The Latest URL Modiefied date retrived is 2024-09-26 09:30:13+01:00
2024-10-09 16:58:20,349 - INFO - Caching New file found: https://assets.publishing.service.gov.uk/media/66f420ff080bdf716392e8c2/ET_3.1_SEP_24.xlsx, caching last modified: 2024-09-26 09:30:13+01:00
2024-10-09 16:59:06,964 - INFO - Retrived the last cahced Modied date: 2024-09-26 09:30:13+01:00 and last cached File Name: https://assets.publishing.service.gov.uk/media/66f420ff080bdf716392e8c2/ET_3.1_SEP_24.xlsx
2024-10-09 16:59:07,193 - INFO - The Latest URL Modiefied date retrived is 2024-09-26 09:30:13+01:00
2024-10-09 16:59:07,193 - INFO - There is no new file for the Supply and use of crude oil, natural gas liquids, and feedstocks. 
2024-10-09 17:02:57,543 - INFO - Retrived the last cahced Modied date: 2024-09-26 09:30:13+01:00 and last cached File Name: https://assets.publishing.service.gov.uk/media/66f420ff080bdf716392e8c2/ET_3.1_SEP_24.xlsx
2024-10-09 17:02:57,651 - INFO - The Latest URL Modiefied date retrived is 2024-09-26 09:30:13+01:00
2024-10-09 17:02:57,651 - INFO - There is no new file for the Supply and use of crude oil, natural gas liquids, and feedstocks. 
2024-10-09 17:04:46,176 - INFO - Retrived the last cahced Modied date: 2024-09-26 09:30:13+01:00 and last cached File Name: https://assets.publishing.service.gov.uk/media/66f420ff080bdf716392e8c2/ET_3.1_SEP_24.xlsx
2024-10-09 17:04:46,496 - INFO - The Latest URL Modiefied date retrived is 2024-09-26 09:30:13+01:00
2024-10-09 17:04:46,497 - INFO - There is no new file for the Supply and use of crude oil, natural gas liquids, and feedstocks. 
2024-10-09 17:11:31,830 - INFO - Retrived the last cahced Modied date: 2024-09-26 09:30:13+01:00 and last cached File Name: https://assets.publishing.service.gov.uk/media/66f420ff080bdf716392e8c2/ET_3.1_SEP_24.xlsx
2024-10-09 17:11:32,051 - INFO - The Latest URL Modiefied date retrived is 2024-09-26 09:30:13+01:00
2024-10-09 17:11:32,051 - INFO - There is no new file for the Supply and use of crude oil, natural gas liquids, and feedstocks. 
2024-10-09 17:25:22,558 - INFO - Retrived the last cahced Modied date: 2024-09-26 09:30:13+01:00 and last cached File Name: https://assets.publishing.service.gov.uk/media/66f420ff080bdf716392e8c2/ET_3.1_SEP_24.xlsx
2024-10-09 17:25:22,766 - INFO - The Latest URL Modiefied date retrived is 2024-09-26 09:30:13+01:00
2024-10-09 17:25:22,766 - INFO - There is no new file for the Supply and use of crude oil, natural gas liquids, and feedstocks. 
2024-10-09 19:45:26,794 - INFO - Retrived the last cahced Modied date: 2024-09-26 09:30:13+01:00 and last cached File Name: https://assets.publishing.service.gov.uk/media/66f420ff080bdf716392e8c2/ET_3.1_SEP_24.xlsx
2024-10-09 19:45:26,988 - INFO - The Latest URL Modiefied date retrived is 2024-09-26 09:30:13+01:00
2024-10-09 19:45:26,988 - INFO - There is no new file for the Supply and use of crude oil, natural gas liquids, and feedstocks. 
2024-10-09 19:47:02,715 - INFO - Retrived the last cahced Modied date: 2024-09-26 09:30:13+01:00 and last cached File Name: https://assets.publishing.service.gov.uk/media/66f420ff080bdf716392e8c2/ET_3.1_SEP_24.xlsx
2024-10-09 19:47:03,096 - INFO - The Latest URL Modiefied date retrived is 2024-09-26 09:30:13+01:00
2024-10-09 19:47:03,096 - INFO - There is no new file for the Supply and use of crude oil, natural gas liquids, and feedstocks. 
2024-10-09 19:48:30,280 - INFO - Retrived the last cahced Modied date: 2024-09-26 09:30:13+01:00 and last cached File Name: https://assets.publishing.service.gov.uk/media/66f420ff080bdf716392e8c2/ET_3.1_SEP_24.xlsx
2024-10-09 19:48:30,394 - INFO - The Latest URL Modiefied date retrived is 2024-09-26 09:30:13+01:00
2024-10-09 19:48:30,395 - INFO - There is no new file for the Supply and use of crude oil, natural gas liquids, and feedstocks. 
2024-10-09 19:50:28,385 - INFO - Retrived the last cahced Modied date: 2024-09-26 09:30:13+01:00 and last cached File Name: https://assets.publishing.service.gov.uk/media/66f420ff080bdf716392e8c2/ET_3.1_SEP_24.xlsx
2024-10-09 19:50:28,487 - INFO - The Latest URL Modiefied date retrived is 2024-09-26 09:30:13+01:00
2024-10-09 19:50:28,487 - INFO - There is no new file for the Supply and use of crude oil, natural gas liquids, and feedstocks. 
2024-10-09 19:53:25,266 - INFO - Retrived the last cahced Modied date: 2024-09-26 09:30:13+01:00 and last cached File Name: https://assets.publishing.service.gov.uk/media/66f420ff080bdf716392e8c2/ET_3.1_SEP_24.xlsx
2024-10-09 19:53:25,481 - INFO - The Latest URL Modiefied date retrived is 2024-09-26 09:30:13+01:00
2024-10-09 19:53:25,482 - INFO - There is no new file for the Supply and use of crude oil, natural gas liquids, and feedstocks. 
2024-10-09 19:53:29,275 - ERROR - Ther was an Assertion Error: 
2024-10-09 19:54:53,626 - INFO - Retrived the last cahced Modied date: 2024-09-26 09:30:13+01:00 and last cached File Name: https://assets.publishing.service.gov.uk/media/66f420ff080bdf716392e8c2/ET_3.1_SEP_24.xlsx
2024-10-09 19:54:53,889 - INFO - The Latest URL Modiefied date retrived is 2024-09-26 09:30:13+01:00
2024-10-09 19:54:53,889 - INFO - There is no new file for the Supply and use of crude oil, natural gas liquids, and feedstocks. 
2024-10-09 19:55:03,069 - ERROR - Error occurred: 
2024-10-09 19:56:53,155 - INFO - Retrived the last cahced Modied date: 2024-09-26 09:30:13+01:00 and last cached File Name: https://assets.publishing.service.gov.uk/media/66f420ff080bdf716392e8c2/ET_3.1_SEP_24.xlsx
2024-10-09 19:56:53,264 - INFO - The Latest URL Modiefied date retrived is 2024-09-26 09:30:13+01:00
2024-10-09 19:56:53,264 - INFO - There is no new file for the Supply and use of crude oil, natural gas liquids, and feedstocks. 
2024-10-09 19:58:53,739 - INFO - Retrived the last cahced Modied date: 2024-09-26 09:30:13+01:00 and last cached File Name: https://assets.publishing.service.gov.uk/media/66f420ff080bdf716392e8c2/ET_3.1_SEP_24.xlsx
2024-10-09 19:58:53,834 - INFO - The Latest URL Modiefied date retrived is 2024-09-26 09:30:13+01:00
2024-10-09 19:58:53,834 - INFO - There is no new file for the Supply and use of crude oil, natural gas liquids, and feedstocks. 
2024-10-09 20:00:50,898 - INFO - Retrived the last cahced Modied date: 2024-09-26 09:30:13+01:00 and last cached File Name: https://assets.publishing.service.gov.uk/media/66f420ff080bdf716392e8c2/ET_3.1_SEP_24.xlsx
2024-10-09 20:00:51,007 - INFO - The Latest URL Modiefied date retrived is 2024-09-26 09:30:13+01:00
2024-10-09 20:00:51,007 - INFO - There is no new file for the Supply and use of crude oil, natural gas liquids, and feedstocks. 
2024-10-09 20:03:41,790 - INFO - Retrived the last cahced Modied date: 2024-09-26 09:30:13+01:00 and last cached File Name: https://assets.publishing.service.gov.uk/media/66f420ff080bdf716392e8c2/ET_3.1_SEP_24.xlsx
2024-10-09 20:03:41,886 - INFO - The Latest URL Modiefied date retrived is 2024-09-26 09:30:13+01:00
2024-10-09 20:03:41,886 - INFO - There is no new file for the Supply and use of crude oil, natural gas liquids, and feedstocks. 
2024-10-09 20:07:55,746 - INFO - Retrived the last cahced Modied date: 2024-09-26 09:30:13+01:00 and last cached File Name: https://assets.publishing.service.gov.uk/media/66f420ff080bdf716392e8c2/ET_3.1_SEP_24.xlsx
2024-10-09 20:07:56,006 - INFO - The Latest URL Modiefied date retrived is 2024-09-26 09:30:13+01:00
2024-10-09 20:07:56,006 - INFO - There is no new file for the Supply and use of crude oil, natural gas liquids, and feedstocks. 
2024-10-09 20:08:33,483 - INFO - Retrived the last cahced Modied date: 2024-09-26 09:30:13+01:00 and last cached File Name: https://assets.publishing.service.gov.uk/media/66f420ff080bdf716392e8c2/ET_3.1_SEP_24.xlsx
2024-10-09 20:08:33,573 - INFO - The Latest URL Modiefied date retrived is 2024-09-26 09:30:13+01:00
2024-10-09 20:08:33,573 - INFO - There is no new file for the Supply and use of crude oil, natural gas liquids, and feedstocks. 
2024-10-09 20:10:32,202 - INFO - Retrived the last cahced Modied date: 2024-09-26 09:30:13+01:00 and last cached File Name: https://assets.publishing.service.gov.uk/media/66f420ff080bdf716392e8c2/ET_3.1_SEP_24.xlsx
2024-10-09 20:10:32,303 - INFO - The Latest URL Modiefied date retrived is 2024-09-26 09:30:13+01:00
2024-10-09 20:10:32,303 - INFO - There is no new file for the Supply and use of crude oil, natural gas liquids, and feedstocks. 
2024-10-09 20:12:46,599 - INFO - Retrived the last cahced Modied date: 2024-09-26 09:30:13+01:00 and last cached File Name: https://assets.publishing.service.gov.uk/media/66f420ff080bdf716392e8c2/ET_3.1_SEP_24.xlsx
2024-10-09 20:12:46,704 - INFO - The Latest URL Modiefied date retrived is 2024-09-26 09:30:13+01:00
2024-10-09 20:12:46,704 - INFO - There is no new file for the Supply and use of crude oil, natural gas liquids, and feedstocks. 
